13.1.2026, 15:30:42 - INFO - Up and running on port 3030
13.1.2026, 15:30:56 - INFO - User login:  | {"isAdmin":false,"instrument":"Keyboard"}
13.1.2026, 15:43:39 - INFO - Up and running on port 3030
13.1.2026, 15:52:15 - INFO - Up and running on port 3030
13.1.2026, 15:52:33 - INFO - Up and running on port 3030
13.1.2026, 15:52:39 - INFO - Up and running on port 3030
13.1.2026, 15:52:41 - INFO - Up and running on port 3030
13.1.2026, 15:52:51 - INFO - Up and running on port 3030
13.1.2026, 15:52:57 - INFO - Up and running on port 3030
13.1.2026, 15:52:59 - INFO - Up and running on port 3030
13.1.2026, 15:53:04 - INFO - Up and running on port 3030
13.1.2026, 15:53:06 - INFO - Up and running on port 3030
13.1.2026, 15:53:08 - INFO - Up and running on port 3030
13.1.2026, 15:53:11 - INFO - Up and running on port 3030
13.1.2026, 15:53:19 - INFO - Up and running on port 3030
13.1.2026, 15:53:20 - INFO - Up and running on port 3030
13.1.2026, 15:53:21 - INFO - Up and running on port 3030
13.1.2026, 15:53:25 - INFO - Up and running on port 3030
13.1.2026, 15:53:27 - INFO - Up and running on port 3030
13.1.2026, 15:53:30 - INFO - Up and running on port 3030
13.1.2026, 15:53:32 - INFO - Up and running on port 3030
13.1.2026, 15:53:39 - INFO - Up and running on port 3030
13.1.2026, 15:53:43 - INFO - Up and running on port 3030
13.1.2026, 15:53:44 - INFO - Up and running on port 3030
13.1.2026, 15:53:47 - INFO - Up and running on port 3030
13.1.2026, 15:53:53 - INFO - Up and running on port 3030
13.1.2026, 15:53:56 - INFO - Up and running on port 3030
13.1.2026, 15:53:58 - INFO - Up and running on port 3030
13.1.2026, 15:53:59 - INFO - Up and running on port 3030
13.1.2026, 15:54:04 - INFO - Up and running on port 3030
13.1.2026, 15:54:05 - INFO - Up and running on port 3030
13.1.2026, 15:54:11 - INFO - Up and running on port 3030
13.1.2026, 15:54:15 - INFO - Up and running on port 3030
13.1.2026, 15:54:17 - INFO - Up and running on port 3030
13.1.2026, 15:54:19 - INFO - Up and running on port 3030
13.1.2026, 15:54:21 - INFO - Up and running on port 3030
13.1.2026, 15:54:24 - INFO - Up and running on port 3030
13.1.2026, 15:54:26 - INFO - Up and running on port 3030
13.1.2026, 15:54:27 - INFO - Up and running on port 3030
13.1.2026, 15:54:44 - INFO - Up and running on port 3030
13.1.2026, 15:54:47 - INFO - Up and running on port 3030
13.1.2026, 15:54:48 - INFO - Up and running on port 3030
13.1.2026, 15:54:51 - INFO - Up and running on port 3030
13.1.2026, 15:55:07 - INFO - Up and running on port 3030
13.1.2026, 15:55:09 - INFO - Up and running on port 3030
13.1.2026, 15:55:12 - INFO - Up and running on port 3030
13.1.2026, 15:55:16 - INFO - Up and running on port 3030
13.1.2026, 15:55:17 - INFO - Up and running on port 3030
13.1.2026, 15:55:22 - INFO - Up and running on port 3030
13.1.2026, 15:55:24 - INFO - Up and running on port 3030
13.1.2026, 15:55:26 - INFO - Up and running on port 3030
13.1.2026, 18:07:05 - INFO - Server is running on: http://localhost:3030/
13.1.2026, 18:16:37 - DEBUG - auth.service - signup with username: bla, fullname: undefined
13.1.2026, 18:16:37 - ERROR - Failed to signup Missing required signup information
14.1.2026, 14:17:57 - INFO - Server is running on: http://localhost:3030/
14.1.2026, 14:21:15 - DEBUG - auth.service - signup with username: ckecck, fullname: undefined
14.1.2026, 14:21:15 - ERROR - Failed to signup Missing required signup information
14.1.2026, 14:22:55 - INFO - Server is running on: http://localhost:3030/
14.1.2026, 14:22:57 - INFO - Server is running on: http://localhost:3030/
14.1.2026, 14:23:10 - INFO - Server is running on: http://localhost:3030/
14.1.2026, 14:23:13 - INFO - Server is running on: http://localhost:3030/
14.1.2026, 14:23:21 - INFO - Server is running on: http://localhost:3030/
14.1.2026, 14:23:43 - DEBUG - auth.service - signup with username: check, instrument: Bass
14.1.2026, 14:23:43 - ERROR - Failed to signup TypeError: userService.getByUsername is not a function
14.1.2026, 14:24:46 - INFO - Server is running on: http://localhost:3030/
14.1.2026, 14:24:53 - INFO - Server is running on: http://localhost:3030/
14.1.2026, 14:25:02 - DEBUG - auth.service - signup with username: check, instrument: Bass
14.1.2026, 14:25:02 - ERROR - Failed to signup ReferenceError: fullname is not defined
14.1.2026, 14:25:24 - INFO - Server is running on: http://localhost:3030/
14.1.2026, 14:26:00 - INFO - Server is running on: http://localhost:3030/
14.1.2026, 14:26:01 - INFO - Server is running on: http://localhost:3030/
14.1.2026, 14:26:10 - INFO - Server is running on: http://localhost:3030/
14.1.2026, 14:26:16 - INFO - Server is running on: http://localhost:3030/
14.1.2026, 14:27:20 - INFO - Server is running on: http://localhost:3030/
14.1.2026, 14:27:40 - DEBUG - auth.service - signup with username: check, instrument: Bass
14.1.2026, 14:27:41 - ERROR - Failed to signup TypeError: userService.save is not a function
14.1.2026, 14:28:43 - INFO - Server is running on: http://localhost:3030/
14.1.2026, 14:28:47 - DEBUG - auth.service - signup with username: check, instrument: Bass
14.1.2026, 14:28:48 - DEBUG - auth.route - new account created: {"username":"check","password":"$2b$10$E5W6vTVEi4Jtiwg5Nb/ub.ZncxDRPgYscQQzZQkvddNp7L/EvpaVS","instrument":"Bass","_id":"69678c00cd1e8938ceb3052e"}
14.1.2026, 14:28:48 - INFO - User signup: | {"_id":"69678c00cd1e8938ceb3052e","username":"check","isAdmin":null,"instrument":"Bass"}
14.1.2026, 14:29:48 - INFO - Server is running on: http://localhost:3030/
14.1.2026, 14:30:11 - INFO - Server is running on: http://localhost:3030/
14.1.2026, 14:30:17 - INFO - Server is running on: http://localhost:3030/
14.1.2026, 14:30:22 - INFO - Server is running on: http://localhost:3030/
14.1.2026, 14:30:24 - INFO - Server is running on: http://localhost:3030/
14.1.2026, 14:31:24 - INFO - Server is running on: http://localhost:3030/
14.1.2026, 14:31:25 - INFO - Server is running on: http://localhost:3030/
14.1.2026, 14:31:57 - INFO - Server is running on: http://localhost:3030/
14.1.2026, 14:32:01 - INFO - Server is running on: http://localhost:3030/
14.1.2026, 14:33:10 - INFO - Server is running on: http://localhost:3030/
14.1.2026, 14:34:41 - INFO - Server is running on: http://localhost:3030/
14.1.2026, 14:34:52 - INFO - Server is running on: http://localhost:3030/
14.1.2026, 14:34:57 - INFO - Server is running on: http://localhost:3030/
14.1.2026, 14:34:59 - INFO - Server is running on: http://localhost:3030/
14.1.2026, 14:35:01 - INFO - Server is running on: http://localhost:3030/
14.1.2026, 14:35:03 - INFO - Server is running on: http://localhost:3030/
14.1.2026, 14:35:04 - INFO - Server is running on: http://localhost:3030/
14.1.2026, 14:35:06 - INFO - Server is running on: http://localhost:3030/
14.1.2026, 14:35:11 - INFO - Server is running on: http://localhost:3030/
14.1.2026, 14:35:14 - INFO - Server is running on: http://localhost:3030/
14.1.2026, 14:35:21 - INFO - Server is running on: http://localhost:3030/
14.1.2026, 14:35:28 - INFO - Server is running on: http://localhost:3030/
14.1.2026, 14:35:33 - INFO - Server is running on: http://localhost:3030/
14.1.2026, 14:35:36 - INFO - Server is running on: http://localhost:3030/
14.1.2026, 14:35:41 - INFO - Server is running on: http://localhost:3030/
14.1.2026, 14:35:45 - INFO - Server is running on: http://localhost:3030/
14.1.2026, 14:36:08 - INFO - Server is running on: http://localhost:3030/
14.1.2026, 14:37:34 - DEBUG - auth.service - signup with username: admin, instrument: Keyboards
14.1.2026, 14:37:34 - ERROR - Failed to signup ReferenceError: logger is not defined
14.1.2026, 14:38:30 - INFO - Server is running on: http://localhost:3030/
14.1.2026, 14:38:37 - INFO - Server is running on: http://localhost:3030/
14.1.2026, 14:38:43 - INFO - Server is running on: http://localhost:3030/
14.1.2026, 14:38:49 - INFO - Server is running on: http://localhost:3030/
14.1.2026, 14:38:55 - INFO - Server is running on: http://localhost:3030/
14.1.2026, 14:39:04 - INFO - Server is running on: http://localhost:3030/
14.1.2026, 14:39:11 - INFO - Server is running on: http://localhost:3030/
14.1.2026, 14:39:15 - DEBUG - auth.service - signup with username: admin, instrument: Keyboards
14.1.2026, 14:39:15 - ERROR - cannot add user | ReferenceError: userToAdd is not defined
14.1.2026, 14:39:15 - ERROR - Failed to signup ReferenceError: userToAdd is not defined
14.1.2026, 14:41:36 - INFO - Server is running on: http://localhost:3030/
14.1.2026, 14:42:33 - DEBUG - auth.service - signup with username: admin, instrument: Keyboards
14.1.2026, 14:42:33 - DEBUG - auth.route - new account created: {"username":"admin","password":"$2b$10$ikdTmnlVJPyn0zjzWqolbuTv.jmL1gukkSxdaOa4ZEDZ73slY4mHy","instrument":"Keyboards","isAdmin":false,"_id":"69678f393a636018fef79699"}
14.1.2026, 14:42:33 - ERROR - Failed to signup ReferenceError: miniUser is not defined
14.1.2026, 14:43:33 - INFO - Server is running on: http://localhost:3030/
14.1.2026, 14:43:38 - INFO - Server is running on: http://localhost:3030/
14.1.2026, 14:43:43 - INFO - Server is running on: http://localhost:3030/
14.1.2026, 14:43:44 - DEBUG - auth.service - signup with username: admin, instrument: Keyboards
14.1.2026, 14:43:44 - ERROR - Failed to signup Username already taken
14.1.2026, 14:44:18 - DEBUG - auth.service - signup with username: inbal, instrument: Drum
14.1.2026, 14:44:18 - DEBUG - auth.route - new account created: {"username":"inbal","password":"$2b$10$lWDDOXDHRp8KIn1WJW9h2.QRiASKgFgKDlBDwbaINza2C6JAyIo/.","instrument":"Drum","isAdmin":false,"_id":"69678fa268a63394453ff445"}
14.1.2026, 14:44:18 - INFO - User signup: | {"_id":"69678fa268a63394453ff445","username":"inbal","isAdmin":false,"instrument":"Drum"}
14.1.2026, 14:46:54 - INFO - User login:  | {"_id":"69678f393a636018fef79699","username":"admin","isAdmin":true,"instrument":"Keyboards"}
14.1.2026, 14:47:25 - INFO - User login:  | {"_id":"69678f393a636018fef79699","username":"admin","isAdmin":true,"instrument":"Keyboards"}
14.1.2026, 15:09:57 - INFO - Server is running on: http://localhost:3030/
14.1.2026, 15:09:57 - INFO - Server is running on: http://localhost:3030/
14.1.2026, 15:10:47 - INFO - Server is running on: http://localhost:3030/
14.1.2026, 15:11:12 - ERROR - Failed to Login NaN
14.1.2026, 15:11:13 - ERROR - Failed to Login NaN
14.1.2026, 15:11:26 - DEBUG - auth.service - signup with username: admin, instrument: Bass
14.1.2026, 15:11:26 - DEBUG - auth.route - new account created: {"username":"admin","password":"$2b$10$Nyq.nrtMg3QKRnN6lp/WGO32qf8I4QAHjBiCkSIeyEdeebGe9SQFa","instrument":"Bass","isAdmin":false,"_id":"696795feffb15320b4662efb"}
14.1.2026, 15:11:26 - INFO - User signup: | {"_id":"696795feffb15320b4662efb","username":"admin","isAdmin":false,"instrument":"Bass"}
14.1.2026, 15:11:55 - DEBUG - auth.service - signup with username: inbal, instrument: Saxophone
14.1.2026, 15:11:55 - DEBUG - auth.route - new account created: {"username":"inbal","password":"$2b$10$PIhB9HpLovB4PVwdTWtLieyjr4hVoPMSWoBmBH0p0AUzcNQvhlZry","instrument":"Saxophone","isAdmin":false,"_id":"6967961bffb15320b4662efc"}
14.1.2026, 15:11:55 - INFO - User signup: | {"_id":"6967961bffb15320b4662efc","username":"inbal","isAdmin":false,"instrument":"Saxophone"}
14.1.2026, 15:12:16 - DEBUG - auth.service - signup with username: matan, instrument: Guitar
14.1.2026, 15:12:16 - DEBUG - auth.route - new account created: {"username":"matan","password":"$2b$10$kHNiXq16T1tH6GcAaHxEAOJ68RYytCP.6PqYhQ9mqHwxZp2gz9Kku","instrument":"Guitar","isAdmin":false,"_id":"69679630ffb15320b4662efd"}
14.1.2026, 15:12:17 - INFO - User signup: | {"_id":"69679630ffb15320b4662efd","username":"matan","isAdmin":false,"instrument":"Guitar"}
14.1.2026, 15:12:35 - DEBUG - auth.service - signup with username: oz, instrument: Keyboards
14.1.2026, 15:12:35 - DEBUG - auth.route - new account created: {"username":"oz","password":"$2b$10$DpnY2DQq.Ouk8MRwKwBg.ejDOtaHSVot0A7y78oJ8lTHoT67D72NK","instrument":"Keyboards","isAdmin":false,"_id":"69679643ffb15320b4662efe"}
14.1.2026, 15:12:35 - INFO - User signup: | {"_id":"69679643ffb15320b4662efe","username":"oz","isAdmin":false,"instrument":"Keyboards"}
14.1.2026, 15:12:57 - DEBUG - auth.service - signup with username: gilad, instrument: Vocals
14.1.2026, 15:12:57 - DEBUG - auth.route - new account created: {"username":"gilad","password":"$2b$10$vfLQLH8m0f0WBhh5r888Xu1jOOUFS6st5z9xeeNmDOK8VX1oRAhjS","instrument":"Vocals","isAdmin":false,"_id":"69679659ffb15320b4662eff"}
14.1.2026, 15:12:57 - INFO - User signup: | {"_id":"69679659ffb15320b4662eff","username":"gilad","isAdmin":false,"instrument":"Vocals"}
14.1.2026, 15:25:52 - INFO - User login:  | {"_id":"696795feffb15320b4662efb","username":"admin","isAdmin":true,"instrument":"Bass"}
14.1.2026, 15:45:31 - INFO - Server is running on: http://localhost:3030/
14.1.2026, 15:45:44 - INFO - Server is running on: http://localhost:3030/
14.1.2026, 15:45:55 - INFO - Server is running on: http://localhost:3030/
14.1.2026, 15:46:21 - INFO - Server is running on: http://localhost:3030/
14.1.2026, 15:46:27 - INFO - Server is running on: http://localhost:3030/
14.1.2026, 15:46:30 - INFO - Server is running on: http://localhost:3030/
14.1.2026, 15:46:33 - INFO - Server is running on: http://localhost:3030/
14.1.2026, 15:46:40 - INFO - Server is running on: http://localhost:3030/
14.1.2026, 15:46:44 - INFO - Server is running on: http://localhost:3030/
14.1.2026, 15:46:48 - INFO - Server is running on: http://localhost:3030/
14.1.2026, 15:46:50 - INFO - Server is running on: http://localhost:3030/
14.1.2026, 15:46:55 - INFO - Server is running on: http://localhost:3030/
14.1.2026, 15:47:02 - INFO - Server is running on: http://localhost:3030/
14.1.2026, 15:47:08 - INFO - Server is running on: http://localhost:3030/
14.1.2026, 15:47:11 - INFO - Server is running on: http://localhost:3030/
14.1.2026, 15:47:14 - INFO - Server is running on: http://localhost:3030/
14.1.2026, 15:47:19 - INFO - Server is running on: http://localhost:3030/
14.1.2026, 15:47:30 - INFO - Server is running on: http://localhost:3030/
14.1.2026, 15:47:31 - INFO - Server is running on: http://localhost:3030/
14.1.2026, 15:47:35 - INFO - Server is running on: http://localhost:3030/
14.1.2026, 15:47:41 - INFO - Server is running on: http://localhost:3030/
14.1.2026, 15:47:45 - INFO - Server is running on: http://localhost:3030/
14.1.2026, 15:47:50 - INFO - Server is running on: http://localhost:3030/
14.1.2026, 15:48:11 - INFO - Server is running on: http://localhost:3030/
14.1.2026, 15:48:18 - INFO - Server is running on: http://localhost:3030/
14.1.2026, 15:48:22 - INFO - Server is running on: http://localhost:3030/
14.1.2026, 15:48:30 - INFO - Server is running on: http://localhost:3030/
14.1.2026, 15:48:32 - INFO - Server is running on: http://localhost:3030/
14.1.2026, 15:48:49 - INFO - Server is running on: http://localhost:3030/
14.1.2026, 15:48:59 - INFO - Server is running on: http://localhost:3030/
14.1.2026, 15:49:28 - INFO - Server is running on: http://localhost:3030/
14.1.2026, 15:49:29 - INFO - Server is running on: http://localhost:3030/
14.1.2026, 15:52:15 - INFO - Server is running on: http://localhost:3030/
14.1.2026, 16:12:24 - INFO - Server is running on: http://localhost:3030/
14.1.2026, 16:12:34 - INFO - Server is running on: http://localhost:3030/
14.1.2026, 16:12:47 - INFO - Server is running on: http://localhost:3030/
14.1.2026, 16:13:07 - INFO - Server is running on: http://localhost:3030/
14.1.2026, 16:13:31 - INFO - Server is running on: http://localhost:3030/
14.1.2026, 16:13:35 - INFO - Server is running on: http://localhost:3030/
14.1.2026, 16:13:38 - INFO - Server is running on: http://localhost:3030/
14.1.2026, 16:20:32 - INFO - User login:  | {"_id":"696795feffb15320b4662efb","username":"admin","isAdmin":true,"instrument":"Bass"}
14.1.2026, 16:20:32 - INFO - User login:  | {"_id":"696795feffb15320b4662efb","username":"admin","isAdmin":true,"instrument":"Bass"}
14.1.2026, 16:47:59 - ERROR - Failed to get songs | ReferenceError: filterBy is not defined
14.1.2026, 16:49:14 - ERROR - Failed to get songs | ReferenceError: filterBy is not defined
14.1.2026, 16:49:25 - ERROR - Failed to get songs | ReferenceError: filterBy is not defined
14.1.2026, 16:50:02 - ERROR - Failed to get songs | ReferenceError: filterBy is not defined
14.1.2026, 16:50:15 - ERROR - Failed to get songs | ReferenceError: filterBy is not defined
14.1.2026, 16:50:17 - ERROR - Failed to get songs | ReferenceError: filterBy is not defined
14.1.2026, 16:50:26 - ERROR - Failed to get songs | ReferenceError: filterBy is not defined
14.1.2026, 16:51:21 - INFO - Server is running on: http://localhost:3030/
14.1.2026, 16:51:26 - INFO - Server is running on: http://localhost:3030/
14.1.2026, 16:51:30 - INFO - Server is running on: http://localhost:3030/
14.1.2026, 16:51:35 - INFO - Server is running on: http://localhost:3030/
14.1.2026, 16:51:37 - INFO - Server is running on: http://localhost:3030/
14.1.2026, 16:51:39 - INFO - Server is running on: http://localhost:3030/
14.1.2026, 16:51:46 - INFO - Server is running on: http://localhost:3030/
14.1.2026, 16:51:48 - INFO - Server is running on: http://localhost:3030/
14.1.2026, 16:51:53 - INFO - Server is running on: http://localhost:3030/
14.1.2026, 16:52:01 - INFO - Server is running on: http://localhost:3030/
14.1.2026, 16:52:15 - INFO - Server is running on: http://localhost:3030/
14.1.2026, 17:29:12 - INFO - Server is running on: http://localhost:3030/
14.1.2026, 17:29:19 - ERROR - Failed to get songs | ReferenceError: filterBy is not defined
14.1.2026, 17:29:19 - ERROR - Failed to get songs | ReferenceError: filterBy is not defined
14.1.2026, 17:29:20 - ERROR - Failed to get songs | ReferenceError: filterBy is not defined
14.1.2026, 17:29:20 - ERROR - Failed to get songs | ReferenceError: filterBy is not defined
14.1.2026, 17:29:43 - INFO - Server is running on: http://localhost:3030/
14.1.2026, 17:29:56 - INFO - Server is running on: http://localhost:3030/
14.1.2026, 17:29:59 - INFO - Server is running on: http://localhost:3030/
14.1.2026, 17:30:01 - INFO - Server is running on: http://localhost:3030/
14.1.2026, 17:30:11 - INFO - Server is running on: http://localhost:3030/
14.1.2026, 17:30:17 - INFO - Server is running on: http://localhost:3030/
14.1.2026, 17:30:21 - INFO - Server is running on: http://localhost:3030/
14.1.2026, 17:30:23 - INFO - Server is running on: http://localhost:3030/
14.1.2026, 17:30:25 - INFO - Server is running on: http://localhost:3030/
14.1.2026, 17:30:29 - INFO - Server is running on: http://localhost:3030/
14.1.2026, 17:30:31 - INFO - Server is running on: http://localhost:3030/
14.1.2026, 17:31:22 - ERROR - Failed to get songs | TypeError: Cannot read properties of undefined (reading 'txt')
14.1.2026, 17:31:23 - ERROR - Failed to get songs | TypeError: Cannot read properties of undefined (reading 'txt')
14.1.2026, 17:34:01 - INFO - Server is running on: http://localhost:3030/
14.1.2026, 17:51:08 - INFO - User login:  | {"_id":"696795feffb15320b4662efb","username":"admin","isAdmin":true,"instrument":"Bass"}
14.1.2026, 17:55:14 - ERROR - while finding song by id: undefined | BSONError: hex string must be 24 characters
14.1.2026, 17:55:14 - ERROR - Failed to get song | BSONError: hex string must be 24 characters
14.1.2026, 17:55:18 - ERROR - while finding song by id: undefined | BSONError: hex string must be 24 characters
14.1.2026, 17:55:18 - ERROR - Failed to get song | BSONError: hex string must be 24 characters
14.1.2026, 17:55:21 - ERROR - while finding song by id: undefined | BSONError: hex string must be 24 characters
14.1.2026, 17:55:21 - ERROR - Failed to get song | BSONError: hex string must be 24 characters
14.1.2026, 17:55:21 - ERROR - while finding song by id: undefined | BSONError: hex string must be 24 characters
14.1.2026, 17:55:21 - ERROR - Failed to get song | BSONError: hex string must be 24 characters
14.1.2026, 17:55:24 - ERROR - while finding song by id: undefined | BSONError: hex string must be 24 characters
14.1.2026, 17:55:24 - ERROR - Failed to get song | BSONError: hex string must be 24 characters
14.1.2026, 17:55:32 - ERROR - Failed to get song | BSONError: hex string must be 24 characters
14.1.2026, 17:55:32 - ERROR - while finding song by id: undefined | BSONError: hex string must be 24 characters
14.1.2026, 17:55:33 - ERROR - while finding song by id: undefined | BSONError: hex string must be 24 characters
14.1.2026, 17:55:33 - ERROR - Failed to get song | BSONError: hex string must be 24 characters
14.1.2026, 17:56:16 - ERROR - while finding song by id: undefined | BSONError: hex string must be 24 characters
14.1.2026, 17:56:16 - ERROR - Failed to get song | BSONError: hex string must be 24 characters
14.1.2026, 17:56:40 - INFO - User login:  | {"_id":"696795feffb15320b4662efb","username":"admin","isAdmin":true,"instrument":"Bass"}
14.1.2026, 17:56:47 - ERROR - while finding song by id: undefined | BSONError: hex string must be 24 characters
14.1.2026, 17:56:47 - ERROR - Failed to get song | BSONError: hex string must be 24 characters
14.1.2026, 17:57:48 - INFO - Server is running on: http://localhost:3030/
14.1.2026, 17:58:06 - ERROR - while finding song by id: undefined | Error: Invalid song ID
14.1.2026, 17:58:06 - ERROR - Failed to get song | Error: Invalid song ID
14.1.2026, 17:58:30 - INFO - Server is running on: http://localhost:3030/
14.1.2026, 17:58:42 - INFO - User login:  | {"_id":"696795feffb15320b4662efb","username":"admin","isAdmin":true,"instrument":"Bass"}
14.1.2026, 17:58:44 - ERROR - while finding song by id: undefined | Error: Invalid song ID
14.1.2026, 17:58:44 - ERROR - Failed to get song | Error: Invalid song ID
14.1.2026, 17:59:37 - ERROR - while finding song by id: undefined | Error: Invalid song ID
14.1.2026, 17:59:37 - ERROR - Failed to get song | Error: Invalid song ID
14.1.2026, 17:59:42 - ERROR - while finding song by id: undefined | Error: Invalid song ID
14.1.2026, 17:59:42 - ERROR - Failed to get song | Error: Invalid song ID
14.1.2026, 17:59:44 - ERROR - while finding song by id: undefined | Error: Invalid song ID
14.1.2026, 17:59:44 - ERROR - Failed to get song | Error: Invalid song ID
14.1.2026, 17:59:54 - ERROR - while finding song by id: undefined | Error: Invalid song ID
14.1.2026, 17:59:54 - ERROR - Failed to get song | Error: Invalid song ID
14.1.2026, 17:59:54 - ERROR - while finding song by id: undefined | Error: Invalid song ID
14.1.2026, 17:59:54 - ERROR - Failed to get song | Error: Invalid song ID
14.1.2026, 17:59:59 - ERROR - Failed to get song | Error: Invalid song ID
14.1.2026, 17:59:59 - ERROR - while finding song by id: undefined | Error: Invalid song ID
14.1.2026, 17:59:59 - ERROR - while finding song by id: undefined | Error: Invalid song ID
14.1.2026, 17:59:59 - ERROR - Failed to get song | Error: Invalid song ID
14.1.2026, 18:00:00 - ERROR - while finding song by id: undefined | Error: Invalid song ID
14.1.2026, 18:00:00 - ERROR - Failed to get song | Error: Invalid song ID
14.1.2026, 18:00:03 - ERROR - while finding song by id: undefined | Error: Invalid song ID
14.1.2026, 18:00:03 - ERROR - Failed to get song | Error: Invalid song ID
14.1.2026, 18:00:43 - ERROR - while finding song by id: undefined | Error: Invalid song ID
14.1.2026, 18:00:43 - ERROR - Failed to get song | Error: Invalid song ID
14.1.2026, 18:00:46 - ERROR - while finding song by id: undefined | Error: Invalid song ID
14.1.2026, 18:00:46 - ERROR - Failed to get song | Error: Invalid song ID
14.1.2026, 18:00:52 - ERROR - while finding song by id: undefined | Error: Invalid song ID
14.1.2026, 18:00:52 - ERROR - Failed to get song | Error: Invalid song ID
14.1.2026, 18:00:55 - ERROR - while finding song by id: undefined | Error: Invalid song ID
14.1.2026, 18:00:55 - ERROR - Failed to get song | Error: Invalid song ID
14.1.2026, 18:00:58 - ERROR - Failed to get song | Error: Invalid song ID
14.1.2026, 18:00:58 - ERROR - while finding song by id: undefined | Error: Invalid song ID
14.1.2026, 18:00:59 - ERROR - while finding song by id: undefined | Error: Invalid song ID
14.1.2026, 18:00:59 - ERROR - Failed to get song | Error: Invalid song ID
14.1.2026, 18:01:01 - ERROR - while finding song by id: undefined | Error: Invalid song ID
14.1.2026, 18:01:01 - ERROR - Failed to get song | Error: Invalid song ID
14.1.2026, 18:01:03 - ERROR - while finding song by id: undefined | Error: Invalid song ID
14.1.2026, 18:01:03 - ERROR - Failed to get song | Error: Invalid song ID
14.1.2026, 18:01:03 - ERROR - while finding song by id: undefined | Error: Invalid song ID
14.1.2026, 18:01:03 - ERROR - Failed to get song | Error: Invalid song ID
14.1.2026, 18:01:04 - ERROR - while finding song by id: undefined | Error: Invalid song ID
14.1.2026, 18:01:04 - ERROR - Failed to get song | Error: Invalid song ID
14.1.2026, 18:01:05 - ERROR - while finding song by id: undefined | Error: Invalid song ID
14.1.2026, 18:01:05 - ERROR - Failed to get song | Error: Invalid song ID
14.1.2026, 18:01:10 - ERROR - Failed to get song | Error: Invalid song ID
14.1.2026, 18:01:10 - ERROR - while finding song by id: undefined | Error: Invalid song ID
14.1.2026, 18:01:53 - ERROR - while finding song by id: undefined | Error: Invalid song ID
14.1.2026, 18:01:53 - ERROR - Failed to get song | Error: Invalid song ID
14.1.2026, 18:03:01 - ERROR - while finding song by id: undefined | Error: Invalid song ID
14.1.2026, 18:03:01 - ERROR - Failed to get song | Error: Invalid song ID
14.1.2026, 18:04:07 - ERROR - while finding song by id: 6967a3f4b412aa738052b448 | ReferenceError: reviewService is not defined
14.1.2026, 18:04:07 - ERROR - Failed to get song | ReferenceError: reviewService is not defined
14.1.2026, 18:04:25 - ERROR - Failed to get song | ReferenceError: reviewService is not defined
14.1.2026, 18:04:25 - ERROR - while finding song by id: 6967a3f4b412aa738052b448 | ReferenceError: reviewService is not defined
14.1.2026, 18:04:32 - ERROR - while finding song by id: 6967a3f4b412aa738052b448 | ReferenceError: reviewService is not defined
14.1.2026, 18:04:32 - ERROR - Failed to get song | ReferenceError: reviewService is not defined
14.1.2026, 18:05:39 - INFO - Server is running on: http://localhost:3030/
14.1.2026, 18:05:45 - INFO - Server is running on: http://localhost:3030/
14.1.2026, 18:05:53 - INFO - Server is running on: http://localhost:3030/
14.1.2026, 18:13:06 - INFO - User login:  | {"_id":"696795feffb15320b4662efb","username":"admin","isAdmin":true,"instrument":"Bass"}
14.1.2026, 18:13:27 - INFO - User login:  | {"_id":"696795feffb15320b4662efb","username":"admin","isAdmin":true,"instrument":"Bass"}
15.1.2026, 10:19:45 - INFO - Server is running on: http://localhost:3030/
15.1.2026, 10:35:55 - INFO - Server is running on: http://localhost:3030/
15.1.2026, 10:47:52 - INFO - Server is running on: http://localhost:3030/
15.1.2026, 10:48:10 - INFO - Server is running on: http://localhost:3030/
15.1.2026, 11:19:32 - INFO - Server is running on: http://localhost:3030/
15.1.2026, 11:46:44 - INFO - Server is running on: http://localhost:3030/
15.1.2026, 11:49:27 - INFO - Server is running on: http://localhost:3030/
15.1.2026, 11:49:30 - INFO - Server is running on: http://localhost:3030/
15.1.2026, 11:49:31 - INFO - Server is running on: http://localhost:3030/
15.1.2026, 11:49:34 - INFO - Server is running on: http://localhost:3030/
15.1.2026, 11:49:36 - INFO - Server is running on: http://localhost:3030/
15.1.2026, 11:52:54 - INFO - Server is running on: http://localhost:3030/
15.1.2026, 11:52:55 - INFO - New connected socket [id: kkUvUPzdYN1eNXu7AAAB]
15.1.2026, 11:52:56 - INFO - Socket disconnected [id: undefined]
15.1.2026, 11:52:56 - INFO - New connected socket [id: KVfALwFqaapEuF4DAAAD]
15.1.2026, 11:53:06 - INFO - User login:  | {"_id":"696795feffb15320b4662efb","username":"admin","isAdmin":true,"instrument":"Bass"}
15.1.2026, 11:53:06 - INFO - Setting socket.userId = 696795feffb15320b4662efb for socket [id: KVfALwFqaapEuF4DAAAD]
15.1.2026, 11:53:25 - INFO - Server is running on: http://localhost:3030/
15.1.2026, 11:53:25 - INFO - New connected socket [id: t8ebq2puNE5SNIUSAAAB]
15.1.2026, 11:53:48 - INFO - Song selected [id: 6967b01eb412aa738052b449] from socket [id: t8ebq2puNE5SNIUSAAAB]
15.1.2026, 11:53:55 - INFO - Song selected [id: 6967a3f4b412aa738052b448] from socket [id: t8ebq2puNE5SNIUSAAAB]
15.1.2026, 11:54:08 - INFO - New connected socket [id: TPC-Qscvg_rEPwgOAAAD]
15.1.2026, 11:54:27 - INFO - User login:  | {"_id":"6967961bffb15320b4662efc","username":"inbal","isAdmin":false,"instrument":"Saxophone"}
15.1.2026, 11:54:27 - INFO - Setting socket.userId = 6967961bffb15320b4662efc for socket [id: TPC-Qscvg_rEPwgOAAAD]
15.1.2026, 11:54:31 - INFO - Song selected [id: 6967b01eb412aa738052b449] from socket [id: t8ebq2puNE5SNIUSAAAB]
15.1.2026, 11:54:41 - INFO - Song selected [id: 6967b024b412aa738052b44a] from socket [id: t8ebq2puNE5SNIUSAAAB]
15.1.2026, 11:54:45 - INFO - Song selected [id: 6967a3f4b412aa738052b448] from socket [id: t8ebq2puNE5SNIUSAAAB]
15.1.2026, 11:55:01 - INFO - Removing socket.userId for socket [id: TPC-Qscvg_rEPwgOAAAD]
15.1.2026, 11:55:06 - INFO - Socket disconnected [id: undefined]
15.1.2026, 11:55:06 - INFO - New connected socket [id: UYOJC_mLDt5BA36oAAAF]
15.1.2026, 11:55:34 - INFO - User login:  | {"_id":"69679659ffb15320b4662eff","username":"gilad","isAdmin":false,"instrument":"Vocals"}
15.1.2026, 11:55:34 - INFO - Setting socket.userId = 69679659ffb15320b4662eff for socket [id: UYOJC_mLDt5BA36oAAAF]
15.1.2026, 11:55:37 - INFO - Song selected [id: 6967a3f4b412aa738052b448] from socket [id: t8ebq2puNE5SNIUSAAAB]
15.1.2026, 11:55:46 - INFO - Socket disconnected [id: undefined]
15.1.2026, 11:55:46 - INFO - New connected socket [id: YfJk4zvIJyMd4Y_MAAAH]
15.1.2026, 11:55:46 - INFO - Setting socket.userId = 69679659ffb15320b4662eff for socket [id: YfJk4zvIJyMd4Y_MAAAH]
15.1.2026, 11:57:14 - INFO - New connected socket [id: vvna70txO7VYjj_IAAAL]
15.1.2026, 11:57:14 - INFO - New connected socket [id: dFfWsL6i4YXNM4INAAAK]
15.1.2026, 11:57:14 - INFO - Setting socket.userId = 69679659ffb15320b4662eff for socket [id: dFfWsL6i4YXNM4INAAAK]
15.1.2026, 11:57:14 - INFO - Setting socket.userId = 696795feffb15320b4662efb for socket [id: vvna70txO7VYjj_IAAAL]
15.1.2026, 11:57:33 - INFO - New connected socket [id: sWT_K4Ic6O0dcXJ2AAAO]
15.1.2026, 11:57:33 - INFO - New connected socket [id: Sdz9Us3fGxLl71LMAAAP]
15.1.2026, 11:57:33 - INFO - Setting socket.userId = 69679659ffb15320b4662eff for socket [id: sWT_K4Ic6O0dcXJ2AAAO]
15.1.2026, 11:57:33 - INFO - Setting socket.userId = 696795feffb15320b4662efb for socket [id: Sdz9Us3fGxLl71LMAAAP]
15.1.2026, 11:57:36 - INFO - New connected socket [id: zM-rc4lpD095L0llAAAS]
15.1.2026, 11:57:36 - INFO - New connected socket [id: ZoU1fbbddJXBENNxAAAT]
15.1.2026, 11:57:36 - INFO - Setting socket.userId = 69679659ffb15320b4662eff for socket [id: zM-rc4lpD095L0llAAAS]
15.1.2026, 11:57:36 - INFO - Setting socket.userId = 696795feffb15320b4662efb for socket [id: ZoU1fbbddJXBENNxAAAT]
15.1.2026, 11:57:37 - INFO - New connected socket [id: tgDjsz8p76bc4vI5AAAW]
15.1.2026, 11:57:37 - INFO - New connected socket [id: aJXs14Wc4WjJvO07AAAX]
15.1.2026, 11:57:37 - INFO - Setting socket.userId = 696795feffb15320b4662efb for socket [id: tgDjsz8p76bc4vI5AAAW]
15.1.2026, 11:57:37 - INFO - Setting socket.userId = 69679659ffb15320b4662eff for socket [id: aJXs14Wc4WjJvO07AAAX]
15.1.2026, 11:57:38 - INFO - New connected socket [id: jxjCFpDlEO3pEPCsAAAa]
15.1.2026, 11:57:38 - INFO - New connected socket [id: b7HEiVMzoufm4oOCAAAb]
15.1.2026, 11:57:38 - INFO - Setting socket.userId = 69679659ffb15320b4662eff for socket [id: jxjCFpDlEO3pEPCsAAAa]
15.1.2026, 11:57:38 - INFO - Setting socket.userId = 696795feffb15320b4662efb for socket [id: b7HEiVMzoufm4oOCAAAb]
15.1.2026, 11:57:41 - INFO - New connected socket [id: GoLSlgDsVs80AmuhAAAe]
15.1.2026, 11:57:41 - INFO - New connected socket [id: UXq5fTbUG_3cLj7TAAAf]
15.1.2026, 11:57:41 - INFO - Setting socket.userId = 69679659ffb15320b4662eff for socket [id: GoLSlgDsVs80AmuhAAAe]
15.1.2026, 11:57:41 - INFO - Setting socket.userId = 696795feffb15320b4662efb for socket [id: UXq5fTbUG_3cLj7TAAAf]
15.1.2026, 12:00:30 - INFO - Song selected [id: 6967a3f4b412aa738052b448] from socket [id: UXq5fTbUG_3cLj7TAAAf]
15.1.2026, 12:00:35 - INFO - Socket disconnected [id: undefined]
15.1.2026, 12:00:35 - INFO - Socket disconnected [id: undefined]
15.1.2026, 12:00:35 - INFO - Socket disconnected [id: undefined]
15.1.2026, 12:00:35 - INFO - Socket disconnected [id: undefined]
15.1.2026, 12:00:35 - INFO - Socket disconnected [id: undefined]
15.1.2026, 12:00:35 - INFO - Socket disconnected [id: undefined]
15.1.2026, 12:00:35 - INFO - Socket disconnected [id: undefined]
15.1.2026, 12:00:35 - INFO - New connected socket [id: MNzRSktZWZuYzoi1AAAh]
15.1.2026, 12:00:35 - INFO - Setting socket.userId = 69679659ffb15320b4662eff for socket [id: MNzRSktZWZuYzoi1AAAh]
15.1.2026, 12:01:53 - INFO - Server is running on: http://localhost:3030/
15.1.2026, 12:01:53 - INFO - New connected socket [id: jUgSMKn7RhwKW-UBAAAB]
15.1.2026, 12:01:53 - INFO - New connected socket [id: xzDwvkhd-2KlgVPMAAAD]
15.1.2026, 12:01:53 - INFO - New connected socket [id: 2RF3wfMy_UgOaDJcAAAF]
15.1.2026, 12:01:53 - INFO - New connected socket [id: hf_Eff5pSCJXhEaQAAAH]
15.1.2026, 12:01:54 - INFO - New connected socket [id: zSPT5MwM-pPzdKsAAAAJ]
15.1.2026, 12:01:54 - INFO - New connected socket [id: ar_x4X20WU94KGFQAAAL]
15.1.2026, 12:01:54 - INFO - New connected socket [id: TRLW1iPjrW2rnK2GAAAN]
15.1.2026, 12:01:54 - INFO - New connected socket [id: F8G61OzWFLsUMlccAAAP]
15.1.2026, 12:01:55 - INFO - Server is running on: http://localhost:3030/
15.1.2026, 12:01:55 - INFO - New connected socket [id: wzgkoomOTG7ym3HJAAAB]
15.1.2026, 12:01:55 - INFO - New connected socket [id: LTfFK1PMJujfjAnAAAAD]
15.1.2026, 12:01:56 - INFO - New connected socket [id: wMgcpEVpZ7_cBDOXAAAF]
15.1.2026, 12:01:56 - INFO - New connected socket [id: ujsJPdIQR429W4bSAAAH]
15.1.2026, 12:01:56 - INFO - New connected socket [id: J4Z6NbiZpu29XoLXAAAJ]
15.1.2026, 12:01:56 - INFO - New connected socket [id: JE6MEUl2eYFf-gOkAAAL]
15.1.2026, 12:01:56 - INFO - New connected socket [id: nHIVc0MT7zfbzmX3AAAN]
15.1.2026, 12:01:56 - INFO - New connected socket [id: xA3srUFci6mcNnReAAAP]
15.1.2026, 12:01:59 - INFO - Server is running on: http://localhost:3030/
15.1.2026, 12:01:59 - INFO - New connected socket [id: L4YxO4vN4fUZBWSAAAAB]
15.1.2026, 12:02:00 - INFO - New connected socket [id: _qpHA4ytim3wXNoPAAAD]
15.1.2026, 12:02:00 - INFO - New connected socket [id: wqUby9y2bYAXpNbaAAAF]
15.1.2026, 12:02:00 - INFO - New connected socket [id: xIiAD4JQsZGa0rZmAAAH]
15.1.2026, 12:02:00 - INFO - New connected socket [id: Sevq00_9sqRL1Mk1AAAJ]
15.1.2026, 12:02:00 - INFO - New connected socket [id: bFxU4_0LnDiGUWi1AAAL]
15.1.2026, 12:02:00 - INFO - New connected socket [id: rnOHOdXp_aKHT6UqAAAN]
15.1.2026, 12:02:00 - INFO - New connected socket [id: EzSRTvwuyu2IuOvUAAAP]
15.1.2026, 12:02:01 - INFO - Server is running on: http://localhost:3030/
15.1.2026, 12:02:02 - INFO - New connected socket [id: CT5lI-MupJ1oBBd9AAAB]
15.1.2026, 12:02:02 - INFO - New connected socket [id: MOM3S-B22F1vvuXKAAAD]
15.1.2026, 12:02:02 - INFO - New connected socket [id: aYsUl86F99Pq3lL7AAAF]
15.1.2026, 12:02:02 - INFO - New connected socket [id: HCfpaS3OC3MdXQWTAAAH]
15.1.2026, 12:02:02 - INFO - New connected socket [id: v4kri05EMEbKcvqmAAAJ]
15.1.2026, 12:02:02 - INFO - New connected socket [id: bWgmY0s6O05UwwLVAAAM]
15.1.2026, 12:02:02 - INFO - New connected socket [id: Xc01LONrN72ToiPqAAAN]
15.1.2026, 12:02:02 - INFO - New connected socket [id: Z6SPZpTcNZ0TvPLjAAAP]
15.1.2026, 12:03:00 - INFO - Socket disconnected [id: undefined]
15.1.2026, 12:03:00 - INFO - New connected socket [id: tYT31DbRlXb2tz2HAAAR]
15.1.2026, 12:03:00 - INFO - Setting socket.userId = 69679659ffb15320b4662eff for socket [id: tYT31DbRlXb2tz2HAAAR]
15.1.2026, 12:03:03 - INFO - Socket disconnected [id: undefined]
15.1.2026, 12:03:03 - INFO - Socket disconnected [id: undefined]
15.1.2026, 12:03:03 - INFO - Socket disconnected [id: undefined]
15.1.2026, 12:03:03 - INFO - Socket disconnected [id: undefined]
15.1.2026, 12:03:03 - INFO - Socket disconnected [id: undefined]
15.1.2026, 12:03:03 - INFO - Socket disconnected [id: undefined]
15.1.2026, 12:03:03 - INFO - Socket disconnected [id: undefined]
15.1.2026, 12:03:03 - INFO - New connected socket [id: 4emcU_IRES-jv7sAAAAT]
15.1.2026, 12:03:03 - INFO - Setting socket.userId = 696795feffb15320b4662efb for socket [id: 4emcU_IRES-jv7sAAAAT]
15.1.2026, 12:03:49 - INFO - Server is running on: http://localhost:3030/
15.1.2026, 12:03:50 - INFO - New connected socket [id: u6jQ3BrWlRCCmEv2AAAB]
15.1.2026, 12:03:51 - INFO - New connected socket [id: sIhnr7NUssChkXS2AAAD]
15.1.2026, 12:03:51 - INFO - Setting socket.userId = 69679659ffb15320b4662eff for socket [id: sIhnr7NUssChkXS2AAAD]
15.1.2026, 12:03:58 - INFO - User login:  | {"_id":"696795feffb15320b4662efb","username":"admin","isAdmin":true,"instrument":"Bass"}
15.1.2026, 12:03:58 - INFO - Setting socket.userId = 696795feffb15320b4662efb for socket [id: u6jQ3BrWlRCCmEv2AAAB]
15.1.2026, 12:03:58 - INFO - Admin ended session from socket [id: u6jQ3BrWlRCCmEv2AAAB]
15.1.2026, 12:04:05 - INFO - Song selected [id: 6967a3f4b412aa738052b448] from socket [id: u6jQ3BrWlRCCmEv2AAAB]
15.1.2026, 12:04:09 - INFO - Admin ended session from socket [id: u6jQ3BrWlRCCmEv2AAAB]
15.1.2026, 12:04:13 - INFO - Song selected [id: 6967a3f4b412aa738052b448] from socket [id: u6jQ3BrWlRCCmEv2AAAB]
15.1.2026, 12:04:22 - INFO - Admin ended session from socket [id: u6jQ3BrWlRCCmEv2AAAB]
15.1.2026, 12:04:56 - INFO - Admin ended session from socket [id: u6jQ3BrWlRCCmEv2AAAB]
15.1.2026, 12:05:00 - INFO - Admin ended session from socket [id: u6jQ3BrWlRCCmEv2AAAB]
15.1.2026, 12:05:06 - INFO - Admin ended session from socket [id: u6jQ3BrWlRCCmEv2AAAB]
15.1.2026, 12:05:45 - INFO - Admin ended session from socket [id: u6jQ3BrWlRCCmEv2AAAB]
15.1.2026, 12:05:47 - INFO - Admin ended session from socket [id: u6jQ3BrWlRCCmEv2AAAB]
15.1.2026, 12:05:49 - INFO - Admin ended session from socket [id: u6jQ3BrWlRCCmEv2AAAB]
15.1.2026, 12:05:53 - INFO - Admin ended session from socket [id: u6jQ3BrWlRCCmEv2AAAB]
15.1.2026, 12:05:56 - INFO - Admin ended session from socket [id: u6jQ3BrWlRCCmEv2AAAB]
15.1.2026, 12:05:59 - INFO - Removing socket.userId for socket [id: sIhnr7NUssChkXS2AAAD]
15.1.2026, 12:06:07 - INFO - Socket disconnected [id: undefined]
15.1.2026, 12:06:07 - INFO - New connected socket [id: QzbvVQQB8deOipMwAAAF]
15.1.2026, 12:06:42 - INFO - New connected socket [id: _F0CDZxUW1_gxPmYAAAH]
15.1.2026, 12:06:42 - INFO - New connected socket [id: 1FpAiZh9nH7WVME0AAAJ]
15.1.2026, 12:06:42 - INFO - Setting socket.userId = 696795feffb15320b4662efb for socket [id: 1FpAiZh9nH7WVME0AAAJ]
15.1.2026, 12:06:42 - INFO - New connected socket [id: W_IxECSKm7lj6qmTAAAM]
15.1.2026, 12:06:42 - INFO - New connected socket [id: cYzGrWkoDf0vwc3OAAAN]
15.1.2026, 12:06:42 - INFO - Setting socket.userId = 696795feffb15320b4662efb for socket [id: cYzGrWkoDf0vwc3OAAAN]
15.1.2026, 12:06:43 - INFO - Admin ended session from socket [id: cYzGrWkoDf0vwc3OAAAN]
15.1.2026, 12:06:47 - INFO - New connected socket [id: 657BGkLqZS5qxuHNAAAQ]
15.1.2026, 12:06:47 - INFO - New connected socket [id: Pr8B53npeBovHe61AAAR]
15.1.2026, 12:06:47 - INFO - Setting socket.userId = 696795feffb15320b4662efb for socket [id: Pr8B53npeBovHe61AAAR]
15.1.2026, 12:06:47 - INFO - New connected socket [id: Q12_jewfBXZkKIXAAAAU]
15.1.2026, 12:06:47 - INFO - New connected socket [id: QdxYUlzzGxXzpDgnAAAV]
15.1.2026, 12:06:47 - INFO - Setting socket.userId = 696795feffb15320b4662efb for socket [id: QdxYUlzzGxXzpDgnAAAV]
15.1.2026, 12:06:48 - INFO - Admin ended session from socket [id: QdxYUlzzGxXzpDgnAAAV]
15.1.2026, 12:06:50 - INFO - New connected socket [id: DAscLDL0ut5ufTnKAAAY]
15.1.2026, 12:06:50 - INFO - New connected socket [id: IcWsFMdewRJHdoElAAAZ]
15.1.2026, 12:06:50 - INFO - Setting socket.userId = 696795feffb15320b4662efb for socket [id: IcWsFMdewRJHdoElAAAZ]
15.1.2026, 12:06:50 - INFO - New connected socket [id: GIJto5zkAyIUtH6_AAAc]
15.1.2026, 12:06:50 - INFO - New connected socket [id: wfCYhqw66BYYIqIwAAAd]
15.1.2026, 12:06:50 - INFO - Setting socket.userId = 696795feffb15320b4662efb for socket [id: wfCYhqw66BYYIqIwAAAd]
15.1.2026, 12:06:50 - INFO - Admin ended session from socket [id: wfCYhqw66BYYIqIwAAAd]
15.1.2026, 12:07:04 - INFO - New connected socket [id: 9de9Tlheif2zscgEAAAf]
15.1.2026, 12:07:04 - INFO - New connected socket [id: nkxx54PPPvrRPrI7AAAh]
15.1.2026, 12:07:04 - INFO - Setting socket.userId = 696795feffb15320b4662efb for socket [id: nkxx54PPPvrRPrI7AAAh]
15.1.2026, 12:07:04 - INFO - New connected socket [id: wnfKYR1a3vM5i-ltAAAk]
15.1.2026, 12:07:04 - INFO - New connected socket [id: Ci9Y966MiHe3c1kZAAAl]
15.1.2026, 12:07:04 - INFO - Setting socket.userId = 696795feffb15320b4662efb for socket [id: Ci9Y966MiHe3c1kZAAAl]
15.1.2026, 12:07:04 - INFO - Admin ended session from socket [id: Ci9Y966MiHe3c1kZAAAl]
15.1.2026, 12:07:34 - INFO - Server is running on: http://localhost:3030/
15.1.2026, 12:07:34 - INFO - New connected socket [id: YsYlVQQLNTGq-5qlAAAB]
15.1.2026, 12:07:34 - INFO - New connected socket [id: 3M7FXfPOMIPAGiouAAAD]
15.1.2026, 12:07:34 - INFO - New connected socket [id: TxRrAGyVKSBCv8JBAAAF]
15.1.2026, 12:07:35 - INFO - New connected socket [id: t-fL5CKp6oF4f1CgAAAH]
15.1.2026, 12:07:35 - INFO - New connected socket [id: QHpf-poTzlDsroYmAAAJ]
15.1.2026, 12:07:35 - INFO - New connected socket [id: 7IzfhdH7ZHOUfbvfAAAL]
15.1.2026, 12:07:35 - INFO - New connected socket [id: B1rICJFC4M4ridyEAAAN]
15.1.2026, 12:07:35 - INFO - New connected socket [id: LKsNyCZbgQP7pCTQAAAV]
15.1.2026, 12:07:35 - INFO - New connected socket [id: Ara3dQO5X2jevjPYAAAW]
15.1.2026, 12:07:35 - INFO - New connected socket [id: lMKYEuAilhz9KCueAAAT]
15.1.2026, 12:07:35 - INFO - New connected socket [id: AH0VCaxU3OTka1cEAAAY]
15.1.2026, 12:07:35 - INFO - New connected socket [id: xwChWVxkvVLeOhFQAAAZ]
15.1.2026, 12:07:35 - INFO - New connected socket [id: qAt7YbB5nER749-6AAAb]
15.1.2026, 12:07:35 - INFO - New connected socket [id: zdQFExGVOuvjPBKdAAAc]
15.1.2026, 12:07:35 - INFO - New connected socket [id: xCPlwqGxtDqOuHxwAAAd]
15.1.2026, 12:07:37 - INFO - New connected socket [id: yo2ke2JRcjfj4m34AAAf]
15.1.2026, 12:07:37 - INFO - New connected socket [id: a6wVnMoF96VfPQMmAAAh]
15.1.2026, 12:07:37 - INFO - New connected socket [id: zwgtFPmKbONZnybdAAAj]
15.1.2026, 12:08:16 - INFO - Server is running on: http://localhost:3030/
15.1.2026, 12:08:16 - INFO - New connected socket [id: Rt4EDV-qWGmQ6bqvAAAB]
15.1.2026, 12:08:17 - INFO - New connected socket [id: 2sr_3SjBUFdyL-zaAAAD]
15.1.2026, 12:08:17 - INFO - New connected socket [id: JBsbvCHNmgMY5r_vAAAI]
15.1.2026, 12:08:17 - INFO - New connected socket [id: zkF2f5XyhcmgNjcpAAAL]
15.1.2026, 12:08:17 - INFO - New connected socket [id: gSiD_im-4UbNViNjAAAM]
15.1.2026, 12:08:17 - INFO - New connected socket [id: 4N5GgSZIdMgP2iEpAAAO]
15.1.2026, 12:08:17 - INFO - New connected socket [id: cCrL7bP3H5JFsxH1AAAP]
15.1.2026, 12:08:17 - INFO - New connected socket [id: s2_d0xt7z3UIGH1-AAAR]
15.1.2026, 12:08:17 - INFO - New connected socket [id: aj91_dWih8wc4i-NAAAS]
15.1.2026, 12:08:17 - INFO - New connected socket [id: FttgQCk3DWgB8Ls7AAAT]
15.1.2026, 12:08:18 - INFO - New connected socket [id: mJeAiEk_KrFNfL0NAAAV]
15.1.2026, 12:08:27 - INFO - Socket disconnected [id: undefined]
15.1.2026, 12:08:27 - INFO - Socket disconnected [id: undefined]
15.1.2026, 12:08:27 - INFO - Socket disconnected [id: undefined]
15.1.2026, 12:08:27 - INFO - Socket disconnected [id: undefined]
15.1.2026, 12:08:27 - INFO - Socket disconnected [id: undefined]
15.1.2026, 12:08:27 - INFO - Socket disconnected [id: undefined]
15.1.2026, 12:08:27 - INFO - Socket disconnected [id: undefined]
15.1.2026, 12:08:27 - INFO - Socket disconnected [id: undefined]
15.1.2026, 12:08:27 - INFO - Socket disconnected [id: undefined]
15.1.2026, 12:08:27 - INFO - New connected socket [id: RUMXOPs6SosdNgUuAAAX]
15.1.2026, 12:08:27 - INFO - Setting socket.userId = 696795feffb15320b4662efb for socket [id: RUMXOPs6SosdNgUuAAAX]
15.1.2026, 12:08:27 - INFO - Admin ended session from socket [id: RUMXOPs6SosdNgUuAAAX]
15.1.2026, 12:08:37 - INFO - Server is running on: http://localhost:3030/
15.1.2026, 12:08:37 - INFO - New connected socket [id: wu8FMXM9u7gFvgE4AAAB]
15.1.2026, 12:08:37 - INFO - New connected socket [id: mhp697zjF0hW4a6VAAAD]
15.1.2026, 12:08:38 - INFO - Song selected [id: 6967a3f4b412aa738052b448] from socket [id: mhp697zjF0hW4a6VAAAD]
15.1.2026, 12:08:41 - INFO - Admin ended session from socket [id: mhp697zjF0hW4a6VAAAD]
15.1.2026, 12:08:42 - INFO - Song selected [id: 6967a337b412aa738052b447] from socket [id: mhp697zjF0hW4a6VAAAD]
15.1.2026, 12:08:45 - INFO - Admin ended session from socket [id: mhp697zjF0hW4a6VAAAD]
15.1.2026, 12:08:46 - INFO - Song selected [id: 6967b01eb412aa738052b449] from socket [id: mhp697zjF0hW4a6VAAAD]
15.1.2026, 12:08:49 - INFO - Admin ended session from socket [id: mhp697zjF0hW4a6VAAAD]
15.1.2026, 12:09:04 - INFO - Server is running on: http://localhost:3030/
15.1.2026, 12:09:04 - INFO - New connected socket [id: f0kYkCO8xnUZDu06AAAB]
15.1.2026, 12:09:04 - INFO - New connected socket [id: iW7S-YGuapmnBdl4AAAD]
15.1.2026, 12:09:17 - INFO - Server is running on: http://localhost:3030/
15.1.2026, 12:09:18 - INFO - New connected socket [id: 3WfF0GWpSXVJ5werAAAB]
15.1.2026, 12:09:18 - INFO - New connected socket [id: -5aHZl7gYYp3tJ9iAAAD]
15.1.2026, 12:09:36 - INFO - Song selected [id: 6967a3f4b412aa738052b448] from socket [id: 3WfF0GWpSXVJ5werAAAB]
